<?xml version="1.0" encoding="UTF-8"?>
<!-- Generated by org.testng.reporters.JUnitReportReporter -->
<testsuite hostname="DESKTOP-EUDMR5S" failures="0" tests="1" name="OrangeHRM.BaseClass" time="10.982" errors="0" timestamp="2024-03-12T15:39:05 IST" skipped="0">
  <testcase classname="OrangeHRM.BaseClass" name="loginpage" time="10.982"/>
</testsuite> <!-- OrangeHRM.BaseClass -->
