<?xml version="1.0" encoding="UTF-8"?>
<!-- Generated by org.testng.reporters.JUnitReportReporter -->
<testsuite hostname="Aravind-Ganji" failures="0" tests="1" name="runners.testrunner" time="6.233" errors="0" timestamp="2024-03-16T23:34:40 IST" skipped="0">
  <testcase classname="runners.testrunner" name="runScenario" time="6.233"/>
</testsuite> <!-- runners.testrunner -->
